# JRE version: Java(TM) SE Runtime Environment (8.0_121-b13) (build 1.8.0_121-b13)
# Java VM: Java HotSpot(TM) 64-Bit Server VM (25.121-b13 mixed mode linux-amd64 compressed oops)
Heap:
 def new generation   total 19136K, used 4608K [0x00000000e0000000, 0x00000000e14c0000, 0x00000000eaaa0000)
  eden space 17024K,  26% used [0x00000000e0000000, 0x00000000e046ef28, 0x00000000e10a0000)
  from space 2112K,   3% used [0x00000000e10a0000, 0x00000000e10b12f8, 0x00000000e12b0000)
  to   space 2112K,   0% used [0x00000000e12b0000, 0x00000000e12b0000, 0x00000000e14c0000)
 tenured generation   total 42368K, used 8361K [0x00000000eaaa0000, 0x00000000ed400000, 0x0000000100000000)
   the space 42368K,  19% used [0x00000000eaaa0000, 0x00000000eb2ca720, 0x00000000eb2ca800, 0x00000000ed400000)
 Metaspace       used 25731K, capacity 25992K, committed 26240K, reserved 1073152K
  class space    used 2864K, capacity 2939K, committed 2944K, reserved 1048576K
GC Heap History (10 events):
Event: 453.064 GC heap before
{Heap before GC invocations=12 (full 1):
 def new generation   total 19136K, used 18727K [0x00000000e0000000, 0x00000000e14c0000, 0x00000000eaaa0000)
  eden space 17024K, 100% used [0x00000000e0000000, 0x00000000e10a0000, 0x00000000e10a0000)
  from space 2112K,  80% used [0x00000000e12b0000, 0x00000000e1459e40, 0x00000000e14c0000)
  to   space 2112K,   0% used [0x00000000e10a0000, 0x00000000e10a0000, 0x00000000e12b0000)
 tenured generation   total 42368K, used 8007K [0x00000000eaaa0000, 0x00000000ed400000, 0x0000000100000000)
   the space 42368K,  18% used [0x00000000eaaa0000, 0x00000000eb271ce8, 0x00000000eb271e00, 0x00000000ed400000)
 Metaspace       used 25724K, capacity 25992K, committed 26240K, reserved 1073152K
  class space    used 2863K, capacity 2939K, committed 2944K, reserved 1048576K
Event: 453.102 GC heap after
Heap after GC invocations=13 (full 1):
 def new generation   total 19136K, used 198K [0x00000000e0000000, 0x00000000e14c0000, 0x00000000eaaa0000)
  eden space 17024K,   0% used [0x00000000e0000000, 0x00000000e0000000, 0x00000000e10a0000)
  from space 2112K,   9% used [0x00000000e10a0000, 0x00000000e10d1a70, 0x00000000e12b0000)
  to   space 2112K,   0% used [0x00000000e12b0000, 0x00000000e12b0000, 0x00000000e14c0000)
 tenured generation   total 42368K, used 8361K [0x00000000eaaa0000, 0x00000000ed400000, 0x0000000100000000)
   the space 42368K,  19% used [0x00000000eaaa0000, 0x00000000eb2ca720, 0x00000000eb2ca800, 0x00000000ed400000)
 Metaspace       used 25724K, capacity 25992K, committed 26240K, reserved 1073152K
  class space    used 2863K, capacity 2939K, committed 2944K, reserved 1048576K
}
Event: 980.505 GC heap before
{Heap before GC invocations=13 (full 1):
 def new generation   total 19136K, used 17222K [0x00000000e0000000, 0x00000000e14c0000, 0x00000000eaaa0000)
  eden space 17024K, 100% used [0x00000000e0000000, 0x00000000e10a0000, 0x00000000e10a0000)
  from space 2112K,   9% used [0x00000000e10a0000, 0x00000000e10d1a70, 0x00000000e12b0000)
  to   space 2112K,   0% used [0x00000000e12b0000, 0x00000000e12b0000, 0x00000000e14c0000)
 tenured generation   total 42368K, used 8361K [0x00000000eaaa0000, 0x00000000ed400000, 0x0000000100000000)
   the space 42368K,  19% used [0x00000000eaaa0000, 0x00000000eb2ca720, 0x00000000eb2ca800, 0x00000000ed400000)
 Metaspace       used 25728K, capacity 25992K, committed 26240K, reserved 1073152K
  class space    used 2863K, capacity 2939K, committed 2944K, reserved 1048576K
Event: 980.535 GC heap after
Heap after GC invocations=14 (full 1):
 def new generation   total 19136K, used 61K [0x00000000e0000000, 0x00000000e14c0000, 0x00000000eaaa0000)
  eden space 17024K,   0% used [0x00000000e0000000, 0x00000000e0000000, 0x00000000e10a0000)
  from space 2112K,   2% used [0x00000000e12b0000, 0x00000000e12bf430, 0x00000000e14c0000)
  to   space 2112K,   0% used [0x00000000e10a0000, 0x00000000e10a0000, 0x00000000e12b0000)
 tenured generation   total 42368K, used 8361K [0x00000000eaaa0000, 0x00000000ed400000, 0x0000000100000000)
   the space 42368K,  19% used [0x00000000eaaa0000, 0x00000000eb2ca720, 0x00000000eb2ca800, 0x00000000ed400000)
 Metaspace       used 25728K, capacity 25992K, committed 26240K, reserved 1073152K
  class space    used 2863K, capacity 2939K, committed 2944K, reserved 1048576K
}
Event: 1513.182 GC heap before
{Heap before GC invocations=14 (full 1):
 def new generation   total 19136K, used 17085K [0x00000000e0000000, 0x00000000e14c0000, 0x00000000eaaa0000)
  eden space 17024K, 100% used [0x00000000e0000000, 0x00000000e10a0000, 0x00000000e10a0000)
  from space 2112K,   2% used [0x00000000e12b0000, 0x00000000e12bf430, 0x00000000e14c0000)
  to   space 2112K,   0% used [0x00000000e10a0000, 0x00000000e10a0000, 0x00000000e12b0000)
 tenured generation   total 42368K, used 8361K [0x00000000eaaa0000, 0x00000000ed400000, 0x0000000100000000)
   the space 42368K,  19% used [0x00000000eaaa0000, 0x00000000eb2ca720, 0x00000000eb2ca800, 0x00000000ed400000)
 Metaspace       used 25730K, capacity 25992K, committed 26240K, reserved 1073152K
  class space    used 2864K, capacity 2939K, committed 2944K, reserved 1048576K
Event: 1513.195 GC heap after
Heap after GC invocations=15 (full 1):
 def new generation   total 19136K, used 61K [0x00000000e0000000, 0x00000000e14c0000, 0x00000000eaaa0000)
  eden space 17024K,   0% used [0x00000000e0000000, 0x00000000e0000000, 0x00000000e10a0000)
  from space 2112K,   2% used [0x00000000e10a0000, 0x00000000e10af670, 0x00000000e12b0000)
  to   space 2112K,   0% used [0x00000000e12b0000, 0x00000000e12b0000, 0x00000000e14c0000)
 tenured generation   total 42368K, used 8361K [0x00000000eaaa0000, 0x00000000ed400000, 0x0000000100000000)
   the space 42368K,  19% used [0x00000000eaaa0000, 0x00000000eb2ca720, 0x00000000eb2ca800, 0x00000000ed400000)
 Metaspace       used 25730K, capacity 25992K, committed 26240K, reserved 1073152K
  class space    used 2864K, capacity 2939K, committed 2944K, reserved 1048576K
}
Event: 2050.447 GC heap before
{Heap before GC invocations=15 (full 1):
 def new generation   total 19136K, used 17085K [0x00000000e0000000, 0x00000000e14c0000, 0x00000000eaaa0000)
  eden space 17024K, 100% used [0x00000000e0000000, 0x00000000e10a0000, 0x00000000e10a0000)
  from space 2112K,   2% used [0x00000000e10a0000, 0x00000000e10af670, 0x00000000e12b0000)
  to   space 2112K,   0% used [0x00000000e12b0000, 0x00000000e12b0000, 0x00000000e14c0000)
 tenured generation   total 42368K, used 8361K [0x00000000eaaa0000, 0x00000000ed400000, 0x0000000100000000)
   the space 42368K,  19% used [0x00000000eaaa0000, 0x00000000eb2ca720, 0x00000000eb2ca800, 0x00000000ed400000)
 Metaspace       used 25730K, capacity 25992K, committed 26240K, reserved 1073152K
  class space    used 2864K, capacity 2939K, committed 2944K, reserved 1048576K
Event: 2050.460 GC heap after
Heap after GC invocations=16 (full 1):
 def new generation   total 19136K, used 62K [0x00000000e0000000, 0x00000000e14c0000, 0x00000000eaaa0000)
  eden space 17024K,   0% used [0x00000000e0000000, 0x00000000e0000000, 0x00000000e10a0000)
  from space 2112K,   2% used [0x00000000e12b0000, 0x00000000e12bf920, 0x00000000e14c0000)
  to   space 2112K,   0% used [0x00000000e10a0000, 0x00000000e10a0000, 0x00000000e12b0000)
 tenured generation   total 42368K, used 8361K [0x00000000eaaa0000, 0x00000000ed400000, 0x0000000100000000)
   the space 42368K,  19% used [0x00000000eaaa0000, 0x00000000eb2ca720, 0x00000000eb2ca800, 0x00000000ed400000)
 Metaspace       used 25730K, capacity 25992K, committed 26240K, reserved 1073152K
  class space    used 2864K, capacity 2939K, committed 2944K, reserved 1048576K
}
Event: 2588.126 GC heap before
{Heap before GC invocations=16 (full 1):
 def new generation   total 19136K, used 17086K [0x00000000e0000000, 0x00000000e14c0000, 0x00000000eaaa0000)
  eden space 17024K, 100% used [0x00000000e0000000, 0x00000000e10a0000, 0x00000000e10a0000)
  from space 2112K,   2% used [0x00000000e12b0000, 0x00000000e12bf920, 0x00000000e14c0000)
  to   space 2112K,   0% used [0x00000000e10a0000, 0x00000000e10a0000, 0x00000000e12b0000)
 tenured generation   total 42368K, used 8361K [0x00000000eaaa0000, 0x00000000ed400000, 0x0000000100000000)
   the space 42368K,  19% used [0x00000000eaaa0000, 0x00000000eb2ca720, 0x00000000eb2ca800, 0x00000000ed400000)
 Metaspace       used 25730K, capacity 25992K, committed 26240K, reserved 1073152K
  class space    used 2864K, capacity 2939K, committed 2944K, reserved 1048576K
Event: 2588.137 GC heap after
Heap after GC invocations=17 (full 1):
 def new generation   total 19136K, used 68K [0x00000000e0000000, 0x00000000e14c0000, 0x00000000eaaa0000)
  eden space 17024K,   0% used [0x00000000e0000000, 0x00000000e0000000, 0x00000000e10a0000)
  from space 2112K,   3% used [0x00000000e10a0000, 0x00000000e10b12f8, 0x00000000e12b0000)
  to   space 2112K,   0% used [0x00000000e12b0000, 0x00000000e12b0000, 0x00000000e14c0000)
 tenured generation   total 42368K, used 8361K [0x00000000eaaa0000, 0x00000000ed400000, 0x0000000100000000)
   the space 42368K,  19% used [0x00000000eaaa0000, 0x00000000eb2ca720, 0x00000000eb2ca800, 0x00000000ed400000)
 Metaspace       used 25730K, capacity 25992K, committed 26240K, reserved 1073152K
  class space    used 2864K, capacity 2939K, committed 2944K, reserved 1048576K
}

