# JRE version: Java(TM) SE Runtime Environment (8.0_121-b13) (build 1.8.0_121-b13)
# Java VM: Java HotSpot(TM) 64-Bit Server VM (25.121-b13 mixed mode linux-amd64 compressed oops)
Heap:
 def new generation   total 19136K, used 14588K [0x00000000e0000000, 0x00000000e14c0000, 0x00000000eaaa0000)
  eden space 17024K,  84% used [0x00000000e0000000, 0x00000000e0e0dfb8, 0x00000000e10a0000)
  from space 2112K,   9% used [0x00000000e10a0000, 0x00000000e10d1338, 0x00000000e12b0000)
  to   space 2112K,   0% used [0x00000000e12b0000, 0x00000000e12b0000, 0x00000000e14c0000)
 tenured generation   total 42368K, used 8355K [0x00000000eaaa0000, 0x00000000ed400000, 0x0000000100000000)
   the space 42368K,  19% used [0x00000000eaaa0000, 0x00000000eb2c8f08, 0x00000000eb2c9000, 0x00000000ed400000)
 Metaspace       used 25738K, capacity 25992K, committed 26240K, reserved 1073152K
  class space    used 2865K, capacity 2939K, committed 2944K, reserved 1048576K
GC Heap History (10 events):
Event: 14.022 GC heap before
{Heap before GC invocations=8 (full 0):
 def new generation   total 19008K, used 13845K [0x00000000e0000000, 0x00000000e14a0000, 0x00000000eaaa0000)
  eden space 16896K,  69% used [0x00000000e0000000, 0x00000000e0b77120, 0x00000000e1080000)
  from space 2112K,  99% used [0x00000000e1080000, 0x00000000e128e360, 0x00000000e1290000)
  to   space 2112K,   0% used [0x00000000e1290000, 0x00000000e1290000, 0x00000000e14a0000)
 tenured generation   total 42368K, used 4506K [0x00000000eaaa0000, 0x00000000ed400000, 0x0000000100000000)
   the space 42368K,  10% used [0x00000000eaaa0000, 0x00000000eaf068f0, 0x00000000eaf06a00, 0x00000000ed400000)
 Metaspace       used 20916K, capacity 21106K, committed 21248K, reserved 1069056K
  class space    used 2371K, capacity 2450K, committed 2560K, reserved 1048576K
Event: 14.149 GC heap after
Heap after GC invocations=9 (full 1):
 def new generation   total 19136K, used 0K [0x00000000e0000000, 0x00000000e14c0000, 0x00000000eaaa0000)
  eden space 17024K,   0% used [0x00000000e0000000, 0x00000000e0000000, 0x00000000e10a0000)
  from space 2112K,   0% used [0x00000000e10a0000, 0x00000000e10a0000, 0x00000000e12b0000)
  to   space 2112K,   0% used [0x00000000e12b0000, 0x00000000e12b0000, 0x00000000e14c0000)
 tenured generation   total 42368K, used 7132K [0x00000000eaaa0000, 0x00000000ed400000, 0x0000000100000000)
   the space 42368K,  16% used [0x00000000eaaa0000, 0x00000000eb197300, 0x00000000eb197400, 0x00000000ed400000)
 Metaspace       used 20916K, capacity 21106K, committed 21248K, reserved 1069056K
  class space    used 2371K, capacity 2450K, committed 2560K, reserved 1048576K
}
Event: 15.951 GC heap before
{Heap before GC invocations=9 (full 1):
 def new generation   total 19136K, used 17024K [0x00000000e0000000, 0x00000000e14c0000, 0x00000000eaaa0000)
  eden space 17024K, 100% used [0x00000000e0000000, 0x00000000e10a0000, 0x00000000e10a0000)
  from space 2112K,   0% used [0x00000000e10a0000, 0x00000000e10a0000, 0x00000000e12b0000)
  to   space 2112K,   0% used [0x00000000e12b0000, 0x00000000e12b0000, 0x00000000e14c0000)
 tenured generation   total 42368K, used 7132K [0x00000000eaaa0000, 0x00000000ed400000, 0x0000000100000000)
   the space 42368K,  16% used [0x00000000eaaa0000, 0x00000000eb197300, 0x00000000eb197400, 0x00000000ed400000)
 Metaspace       used 22024K, capacity 22264K, committed 22656K, reserved 1069056K
  class space    used 2505K, capacity 2579K, committed 2688K, reserved 1048576K
Event: 15.955 GC heap after
Heap after GC invocations=10 (full 1):
 def new generation   total 19136K, used 1408K [0x00000000e0000000, 0x00000000e14c0000, 0x00000000eaaa0000)
  eden space 17024K,   0% used [0x00000000e0000000, 0x00000000e0000000, 0x00000000e10a0000)
  from space 2112K,  66% used [0x00000000e12b0000, 0x00000000e14103f0, 0x00000000e14c0000)
  to   space 2112K,   0% used [0x00000000e10a0000, 0x00000000e10a0000, 0x00000000e12b0000)
 tenured generation   total 42368K, used 7132K [0x00000000eaaa0000, 0x00000000ed400000, 0x0000000100000000)
   the space 42368K,  16% used [0x00000000eaaa0000, 0x00000000eb197300, 0x00000000eb197400, 0x00000000ed400000)
 Metaspace       used 22024K, capacity 22264K, committed 22656K, reserved 1069056K
  class space    used 2505K, capacity 2579K, committed 2688K, reserved 1048576K
}
Event: 17.290 GC heap before
{Heap before GC invocations=10 (full 1):
 def new generation   total 19136K, used 18432K [0x00000000e0000000, 0x00000000e14c0000, 0x00000000eaaa0000)
  eden space 17024K, 100% used [0x00000000e0000000, 0x00000000e10a0000, 0x00000000e10a0000)
  from space 2112K,  66% used [0x00000000e12b0000, 0x00000000e14103f0, 0x00000000e14c0000)
  to   space 2112K,   0% used [0x00000000e10a0000, 0x00000000e10a0000, 0x00000000e12b0000)
 tenured generation   total 42368K, used 7132K [0x00000000eaaa0000, 0x00000000ed400000, 0x0000000100000000)
   the space 42368K,  16% used [0x00000000eaaa0000, 0x00000000eb197300, 0x00000000eb197400, 0x00000000ed400000)
 Metaspace       used 23277K, capacity 23480K, committed 23808K, reserved 1071104K
  class space    used 2648K, capacity 2707K, committed 2816K, reserved 1048576K
Event: 17.297 GC heap after
Heap after GC invocations=11 (full 1):
 def new generation   total 19136K, used 1123K [0x00000000e0000000, 0x00000000e14c0000, 0x00000000eaaa0000)
  eden space 17024K,   0% used [0x00000000e0000000, 0x00000000e0000000, 0x00000000e10a0000)
  from space 2112K,  53% used [0x00000000e10a0000, 0x00000000e11b8ee8, 0x00000000e12b0000)
  to   space 2112K,   0% used [0x00000000e12b0000, 0x00000000e12b0000, 0x00000000e14c0000)
 tenured generation   total 42368K, used 7360K [0x00000000eaaa0000, 0x00000000ed400000, 0x0000000100000000)
   the space 42368K,  17% used [0x00000000eaaa0000, 0x00000000eb1d0320, 0x00000000eb1d0400, 0x00000000ed400000)
 Metaspace       used 23277K, capacity 23480K, committed 23808K, reserved 1071104K
  class space    used 2648K, capacity 2707K, committed 2816K, reserved 1048576K
}
Event: 17.861 GC heap before
{Heap before GC invocations=11 (full 1):
 def new generation   total 19136K, used 18147K [0x00000000e0000000, 0x00000000e14c0000, 0x00000000eaaa0000)
  eden space 17024K, 100% used [0x00000000e0000000, 0x00000000e10a0000, 0x00000000e10a0000)
  from space 2112K,  53% used [0x00000000e10a0000, 0x00000000e11b8ee8, 0x00000000e12b0000)
  to   space 2112K,   0% used [0x00000000e12b0000, 0x00000000e12b0000, 0x00000000e14c0000)
 tenured generation   total 42368K, used 7360K [0x00000000eaaa0000, 0x00000000ed400000, 0x0000000100000000)
   the space 42368K,  17% used [0x00000000eaaa0000, 0x00000000eb1d0320, 0x00000000eb1d0400, 0x00000000ed400000)
 Metaspace       used 24941K, capacity 25144K, committed 25472K, reserved 1071104K
  class space    used 2835K, capacity 2899K, committed 2944K, reserved 1048576K
Event: 17.869 GC heap after
Heap after GC invocations=12 (full 1):
 def new generation   total 19136K, used 1688K [0x00000000e0000000, 0x00000000e14c0000, 0x00000000eaaa0000)
  eden space 17024K,   0% used [0x00000000e0000000, 0x00000000e0000000, 0x00000000e10a0000)
  from space 2112K,  79% used [0x00000000e12b0000, 0x00000000e1456330, 0x00000000e14c0000)
  to   space 2112K,   0% used [0x00000000e10a0000, 0x00000000e10a0000, 0x00000000e12b0000)
 tenured generation   total 42368K, used 8001K [0x00000000eaaa0000, 0x00000000ed400000, 0x0000000100000000)
   the space 42368K,  18% used [0x00000000eaaa0000, 0x00000000eb270598, 0x00000000eb270600, 0x00000000ed400000)
 Metaspace       used 24941K, capacity 25144K, committed 25472K, reserved 1071104K
  class space    used 2835K, capacity 2899K, committed 2944K, reserved 1048576K
}
Event: 465.366 GC heap before
{Heap before GC invocations=12 (full 1):
 def new generation   total 19136K, used 18712K [0x00000000e0000000, 0x00000000e14c0000, 0x00000000eaaa0000)
  eden space 17024K, 100% used [0x00000000e0000000, 0x00000000e10a0000, 0x00000000e10a0000)
  from space 2112K,  79% used [0x00000000e12b0000, 0x00000000e1456330, 0x00000000e14c0000)
  to   space 2112K,   0% used [0x00000000e10a0000, 0x00000000e10a0000, 0x00000000e12b0000)
 tenured generation   total 42368K, used 8001K [0x00000000eaaa0000, 0x00000000ed400000, 0x0000000100000000)
   the space 42368K,  18% used [0x00000000eaaa0000, 0x00000000eb270598, 0x00000000eb270600, 0x00000000ed400000)
 Metaspace       used 25735K, capacity 25992K, committed 26240K, reserved 1073152K
  class space    used 2865K, capacity 2939K, committed 2944K, reserved 1048576K
Event: 465.410 GC heap after
Heap after GC invocations=13 (full 1):
 def new generation   total 19136K, used 196K [0x00000000e0000000, 0x00000000e14c0000, 0x00000000eaaa0000)
  eden space 17024K,   0% used [0x00000000e0000000, 0x00000000e0000000, 0x00000000e10a0000)
  from space 2112K,   9% used [0x00000000e10a0000, 0x00000000e10d1338, 0x00000000e12b0000)
  to   space 2112K,   0% used [0x00000000e12b0000, 0x00000000e12b0000, 0x00000000e14c0000)
 tenured generation   total 42368K, used 8355K [0x00000000eaaa0000, 0x00000000ed400000, 0x0000000100000000)
   the space 42368K,  19% used [0x00000000eaaa0000, 0x00000000eb2c8f08, 0x00000000eb2c9000, 0x00000000ed400000)
 Metaspace       used 25735K, capacity 25992K, committed 26240K, reserved 1073152K
  class space    used 2865K, capacity 2939K, committed 2944K, reserved 1048576K
}

