# JRE version: Java(TM) SE Runtime Environment (8.0_121-b13) (build 1.8.0_121-b13)
# Java VM: Java HotSpot(TM) 64-Bit Server VM (25.121-b13 mixed mode linux-amd64 compressed oops)
Heap:
 def new generation   total 19136K, used 9626K [0x00000000e0000000, 0x00000000e14c0000, 0x00000000eaaa0000)
  eden space 17024K,  46% used [0x00000000e0000000, 0x00000000e07c9dc0, 0x00000000e10a0000)
  from space 2112K,  78% used [0x00000000e12b0000, 0x00000000e144cb20, 0x00000000e14c0000)
  to   space 2112K,   0% used [0x00000000e10a0000, 0x00000000e10a0000, 0x00000000e12b0000)
 tenured generation   total 42368K, used 7991K [0x00000000eaaa0000, 0x00000000ed400000, 0x0000000100000000)
   the space 42368K,  18% used [0x00000000eaaa0000, 0x00000000eb26ddc0, 0x00000000eb26de00, 0x00000000ed400000)
 Metaspace       used 25414K, capacity 25612K, committed 25728K, reserved 1073152K
  class space    used 2863K, capacity 2939K, committed 2944K, reserved 1048576K
GC Heap History (10 events):
Event: 4.990 GC heap before
{Heap before GC invocations=7 (full 0):
 def new generation   total 19008K, used 18330K [0x00000000e0000000, 0x00000000e14a0000, 0x00000000eaaa0000)
  eden space 16896K, 100% used [0x00000000e0000000, 0x00000000e1080000, 0x00000000e1080000)
  from space 2112K,  67% used [0x00000000e1290000, 0x00000000e13f6a30, 0x00000000e14a0000)
  to   space 2112K,   0% used [0x00000000e1080000, 0x00000000e1080000, 0x00000000e1290000)
 tenured generation   total 42368K, used 4288K [0x00000000eaaa0000, 0x00000000ed400000, 0x0000000100000000)
   the space 42368K,  10% used [0x00000000eaaa0000, 0x00000000eaed0040, 0x00000000eaed0200, 0x00000000ed400000)
 Metaspace       used 19627K, capacity 19848K, committed 19968K, reserved 1067008K
  class space    used 2222K, capacity 2286K, committed 2304K, reserved 1048576K
Event: 4.996 GC heap after
Heap after GC invocations=8 (full 0):
 def new generation   total 19008K, used 2095K [0x00000000e0000000, 0x00000000e14a0000, 0x00000000eaaa0000)
  eden space 16896K,   0% used [0x00000000e0000000, 0x00000000e0000000, 0x00000000e1080000)
  from space 2112K,  99% used [0x00000000e1080000, 0x00000000e128bd40, 0x00000000e1290000)
  to   space 2112K,   0% used [0x00000000e1290000, 0x00000000e1290000, 0x00000000e14a0000)
 tenured generation   total 42368K, used 4484K [0x00000000eaaa0000, 0x00000000ed400000, 0x0000000100000000)
   the space 42368K,  10% used [0x00000000eaaa0000, 0x00000000eaf01320, 0x00000000eaf01400, 0x00000000ed400000)
 Metaspace       used 19627K, capacity 19848K, committed 19968K, reserved 1067008K
  class space    used 2222K, capacity 2286K, committed 2304K, reserved 1048576K
}
Event: 5.650 GC heap before
{Heap before GC invocations=8 (full 0):
 def new generation   total 19008K, used 14076K [0x00000000e0000000, 0x00000000e14a0000, 0x00000000eaaa0000)
  eden space 16896K,  70% used [0x00000000e0000000, 0x00000000e0bb3678, 0x00000000e1080000)
  from space 2112K,  99% used [0x00000000e1080000, 0x00000000e128bd40, 0x00000000e1290000)
  to   space 2112K,   0% used [0x00000000e1290000, 0x00000000e1290000, 0x00000000e14a0000)
 tenured generation   total 42368K, used 4484K [0x00000000eaaa0000, 0x00000000ed400000, 0x0000000100000000)
   the space 42368K,  10% used [0x00000000eaaa0000, 0x00000000eaf01320, 0x00000000eaf01400, 0x00000000ed400000)
 Metaspace       used 20918K, capacity 21110K, committed 21248K, reserved 1069056K
  class space    used 2369K, capacity 2450K, committed 2560K, reserved 1048576K
Event: 5.709 GC heap after
Heap after GC invocations=9 (full 1):
 def new generation   total 19136K, used 0K [0x00000000e0000000, 0x00000000e14c0000, 0x00000000eaaa0000)
  eden space 17024K,   0% used [0x00000000e0000000, 0x00000000e0000000, 0x00000000e10a0000)
  from space 2112K,   0% used [0x00000000e10a0000, 0x00000000e10a0000, 0x00000000e12b0000)
  to   space 2112K,   0% used [0x00000000e12b0000, 0x00000000e12b0000, 0x00000000e14c0000)
 tenured generation   total 42368K, used 7113K [0x00000000eaaa0000, 0x00000000ed400000, 0x0000000100000000)
   the space 42368K,  16% used [0x00000000eaaa0000, 0x00000000eb1927b0, 0x00000000eb192800, 0x00000000ed400000)
 Metaspace       used 20918K, capacity 21110K, committed 21248K, reserved 1069056K
  class space    used 2369K, capacity 2450K, committed 2560K, reserved 1048576K
}
Event: 6.651 GC heap before
{Heap before GC invocations=9 (full 1):
 def new generation   total 19136K, used 17024K [0x00000000e0000000, 0x00000000e14c0000, 0x00000000eaaa0000)
  eden space 17024K, 100% used [0x00000000e0000000, 0x00000000e10a0000, 0x00000000e10a0000)
  from space 2112K,   0% used [0x00000000e10a0000, 0x00000000e10a0000, 0x00000000e12b0000)
  to   space 2112K,   0% used [0x00000000e12b0000, 0x00000000e12b0000, 0x00000000e14c0000)
 tenured generation   total 42368K, used 7113K [0x00000000eaaa0000, 0x00000000ed400000, 0x0000000100000000)
   the space 42368K,  16% used [0x00000000eaaa0000, 0x00000000eb1927b0, 0x00000000eb192800, 0x00000000ed400000)
 Metaspace       used 22012K, capacity 22268K, committed 22656K, reserved 1069056K
  class space    used 2502K, capacity 2579K, committed 2688K, reserved 1048576K
Event: 6.655 GC heap after
Heap after GC invocations=10 (full 1):
 def new generation   total 19136K, used 1345K [0x00000000e0000000, 0x00000000e14c0000, 0x00000000eaaa0000)
  eden space 17024K,   0% used [0x00000000e0000000, 0x00000000e0000000, 0x00000000e10a0000)
  from space 2112K,  63% used [0x00000000e12b0000, 0x00000000e1400408, 0x00000000e14c0000)
  to   space 2112K,   0% used [0x00000000e10a0000, 0x00000000e10a0000, 0x00000000e12b0000)
 tenured generation   total 42368K, used 7113K [0x00000000eaaa0000, 0x00000000ed400000, 0x0000000100000000)
   the space 42368K,  16% used [0x00000000eaaa0000, 0x00000000eb1927b0, 0x00000000eb192800, 0x00000000ed400000)
 Metaspace       used 22012K, capacity 22268K, committed 22656K, reserved 1069056K
  class space    used 2502K, capacity 2579K, committed 2688K, reserved 1048576K
}
Event: 7.943 GC heap before
{Heap before GC invocations=10 (full 1):
 def new generation   total 19136K, used 18369K [0x00000000e0000000, 0x00000000e14c0000, 0x00000000eaaa0000)
  eden space 17024K, 100% used [0x00000000e0000000, 0x00000000e10a0000, 0x00000000e10a0000)
  from space 2112K,  63% used [0x00000000e12b0000, 0x00000000e1400408, 0x00000000e14c0000)
  to   space 2112K,   0% used [0x00000000e10a0000, 0x00000000e10a0000, 0x00000000e12b0000)
 tenured generation   total 42368K, used 7113K [0x00000000eaaa0000, 0x00000000ed400000, 0x0000000100000000)
   the space 42368K,  16% used [0x00000000eaaa0000, 0x00000000eb1927b0, 0x00000000eb192800, 0x00000000ed400000)
 Metaspace       used 23249K, capacity 23484K, committed 23808K, reserved 1071104K
  class space    used 2642K, capacity 2707K, committed 2816K, reserved 1048576K
Event: 7.950 GC heap after
Heap after GC invocations=11 (full 1):
 def new generation   total 19136K, used 1136K [0x00000000e0000000, 0x00000000e14c0000, 0x00000000eaaa0000)
  eden space 17024K,   0% used [0x00000000e0000000, 0x00000000e0000000, 0x00000000e10a0000)
  from space 2112K,  53% used [0x00000000e10a0000, 0x00000000e11bc068, 0x00000000e12b0000)
  to   space 2112K,   0% used [0x00000000e12b0000, 0x00000000e12b0000, 0x00000000e14c0000)
 tenured generation   total 42368K, used 7343K [0x00000000eaaa0000, 0x00000000ed400000, 0x0000000100000000)
   the space 42368K,  17% used [0x00000000eaaa0000, 0x00000000eb1cbce0, 0x00000000eb1cbe00, 0x00000000ed400000)
 Metaspace       used 23249K, capacity 23484K, committed 23808K, reserved 1071104K
  class space    used 2642K, capacity 2707K, committed 2816K, reserved 1048576K
}
Event: 8.640 GC heap before
{Heap before GC invocations=11 (full 1):
 def new generation   total 19136K, used 18160K [0x00000000e0000000, 0x00000000e14c0000, 0x00000000eaaa0000)
  eden space 17024K, 100% used [0x00000000e0000000, 0x00000000e10a0000, 0x00000000e10a0000)
  from space 2112K,  53% used [0x00000000e10a0000, 0x00000000e11bc068, 0x00000000e12b0000)
  to   space 2112K,   0% used [0x00000000e12b0000, 0x00000000e12b0000, 0x00000000e14c0000)
 tenured generation   total 42368K, used 7343K [0x00000000eaaa0000, 0x00000000ed400000, 0x0000000100000000)
   the space 42368K,  17% used [0x00000000eaaa0000, 0x00000000eb1cbce0, 0x00000000eb1cbe00, 0x00000000ed400000)
 Metaspace       used 24861K, capacity 25084K, committed 25216K, reserved 1071104K
  class space    used 2827K, capacity 2899K, committed 2944K, reserved 1048576K
Event: 8.652 GC heap after
Heap after GC invocations=12 (full 1):
 def new generation   total 19136K, used 1650K [0x00000000e0000000, 0x00000000e14c0000, 0x00000000eaaa0000)
  eden space 17024K,   0% used [0x00000000e0000000, 0x00000000e0000000, 0x00000000e10a0000)
  from space 2112K,  78% used [0x00000000e12b0000, 0x00000000e144cb20, 0x00000000e14c0000)
  to   space 2112K,   0% used [0x00000000e10a0000, 0x00000000e10a0000, 0x00000000e12b0000)
 tenured generation   total 42368K, used 7991K [0x00000000eaaa0000, 0x00000000ed400000, 0x0000000100000000)
   the space 42368K,  18% used [0x00000000eaaa0000, 0x00000000eb26ddc0, 0x00000000eb26de00, 0x00000000ed400000)
 Metaspace       used 24861K, capacity 25084K, committed 25216K, reserved 1071104K
  class space    used 2827K, capacity 2899K, committed 2944K, reserved 1048576K
}

