# JRE version: Java(TM) SE Runtime Environment (8.0_121-b13) (build 1.8.0_121-b13)
# Java VM: Java HotSpot(TM) 64-Bit Server VM (25.121-b13 mixed mode linux-amd64 compressed oops)
Heap:
 def new generation   total 19136K, used 4536K [0x00000000e0000000, 0x00000000e14c0000, 0x00000000eaaa0000)
  eden space 17024K,  26% used [0x00000000e0000000, 0x00000000e045dda0, 0x00000000e10a0000)
  from space 2112K,   3% used [0x00000000e10a0000, 0x00000000e10b03f8, 0x00000000e12b0000)
  to   space 2112K,   0% used [0x00000000e12b0000, 0x00000000e12b0000, 0x00000000e14c0000)
 tenured generation   total 42368K, used 8387K [0x00000000eaaa0000, 0x00000000ed400000, 0x0000000100000000)
   the space 42368K,  19% used [0x00000000eaaa0000, 0x00000000eb2d0e50, 0x00000000eb2d1000, 0x00000000ed400000)
 Metaspace       used 25745K, capacity 25996K, committed 26240K, reserved 1073152K
  class space    used 2866K, capacity 2939K, committed 2944K, reserved 1048576K
GC Heap History (10 events):
Event: 476.221 GC heap before
{Heap before GC invocations=12 (full 1):
 def new generation   total 19136K, used 18758K [0x00000000e0000000, 0x00000000e14c0000, 0x00000000eaaa0000)
  eden space 17024K,  99% used [0x00000000e0000000, 0x00000000e109f6a8, 0x00000000e10a0000)
  from space 2112K,  82% used [0x00000000e12b0000, 0x00000000e14623a0, 0x00000000e14c0000)
  to   space 2112K,   0% used [0x00000000e10a0000, 0x00000000e10a0000, 0x00000000e12b0000)
 tenured generation   total 42368K, used 8000K [0x00000000eaaa0000, 0x00000000ed400000, 0x0000000100000000)
   the space 42368K,  18% used [0x00000000eaaa0000, 0x00000000eb2700b0, 0x00000000eb270200, 0x00000000ed400000)
 Metaspace       used 25740K, capacity 25996K, committed 26240K, reserved 1073152K
  class space    used 2865K, capacity 2939K, committed 2944K, reserved 1048576K
Event: 476.274 GC heap after
Heap after GC invocations=13 (full 1):
 def new generation   total 19136K, used 166K [0x00000000e0000000, 0x00000000e14c0000, 0x00000000eaaa0000)
  eden space 17024K,   0% used [0x00000000e0000000, 0x00000000e0000000, 0x00000000e10a0000)
  from space 2112K,   7% used [0x00000000e10a0000, 0x00000000e10c98c8, 0x00000000e12b0000)
  to   space 2112K,   0% used [0x00000000e12b0000, 0x00000000e12b0000, 0x00000000e14c0000)
 tenured generation   total 42368K, used 8387K [0x00000000eaaa0000, 0x00000000ed400000, 0x0000000100000000)
   the space 42368K,  19% used [0x00000000eaaa0000, 0x00000000eb2d0e50, 0x00000000eb2d1000, 0x00000000ed400000)
 Metaspace       used 25740K, capacity 25996K, committed 26240K, reserved 1073152K
  class space    used 2865K, capacity 2939K, committed 2944K, reserved 1048576K
}
Event: 1004.914 GC heap before
{Heap before GC invocations=13 (full 1):
 def new generation   total 19136K, used 17190K [0x00000000e0000000, 0x00000000e14c0000, 0x00000000eaaa0000)
  eden space 17024K, 100% used [0x00000000e0000000, 0x00000000e10a0000, 0x00000000e10a0000)
  from space 2112K,   7% used [0x00000000e10a0000, 0x00000000e10c98c8, 0x00000000e12b0000)
  to   space 2112K,   0% used [0x00000000e12b0000, 0x00000000e12b0000, 0x00000000e14c0000)
 tenured generation   total 42368K, used 8387K [0x00000000eaaa0000, 0x00000000ed400000, 0x0000000100000000)
   the space 42368K,  19% used [0x00000000eaaa0000, 0x00000000eb2d0e50, 0x00000000eb2d1000, 0x00000000ed400000)
 Metaspace       used 25742K, capacity 25996K, committed 26240K, reserved 1073152K
  class space    used 2865K, capacity 2939K, committed 2944K, reserved 1048576K
Event: 1004.970 GC heap after
Heap after GC invocations=14 (full 1):
 def new generation   total 19136K, used 63K [0x00000000e0000000, 0x00000000e14c0000, 0x00000000eaaa0000)
  eden space 17024K,   0% used [0x00000000e0000000, 0x00000000e0000000, 0x00000000e10a0000)
  from space 2112K,   2% used [0x00000000e12b0000, 0x00000000e12bfc98, 0x00000000e14c0000)
  to   space 2112K,   0% used [0x00000000e10a0000, 0x00000000e10a0000, 0x00000000e12b0000)
 tenured generation   total 42368K, used 8387K [0x00000000eaaa0000, 0x00000000ed400000, 0x0000000100000000)
   the space 42368K,  19% used [0x00000000eaaa0000, 0x00000000eb2d0e50, 0x00000000eb2d1000, 0x00000000ed400000)
 Metaspace       used 25742K, capacity 25996K, committed 26240K, reserved 1073152K
  class space    used 2865K, capacity 2939K, committed 2944K, reserved 1048576K
}
Event: 1536.979 GC heap before
{Heap before GC invocations=14 (full 1):
 def new generation   total 19136K, used 17087K [0x00000000e0000000, 0x00000000e14c0000, 0x00000000eaaa0000)
  eden space 17024K, 100% used [0x00000000e0000000, 0x00000000e10a0000, 0x00000000e10a0000)
  from space 2112K,   2% used [0x00000000e12b0000, 0x00000000e12bfc98, 0x00000000e14c0000)
  to   space 2112K,   0% used [0x00000000e10a0000, 0x00000000e10a0000, 0x00000000e12b0000)
 tenured generation   total 42368K, used 8387K [0x00000000eaaa0000, 0x00000000ed400000, 0x0000000100000000)
   the space 42368K,  19% used [0x00000000eaaa0000, 0x00000000eb2d0e50, 0x00000000eb2d1000, 0x00000000ed400000)
 Metaspace       used 25743K, capacity 25996K, committed 26240K, reserved 1073152K
  class space    used 2865K, capacity 2939K, committed 2944K, reserved 1048576K
Event: 1536.999 GC heap after
Heap after GC invocations=15 (full 1):
 def new generation   total 19136K, used 63K [0x00000000e0000000, 0x00000000e14c0000, 0x00000000eaaa0000)
  eden space 17024K,   0% used [0x00000000e0000000, 0x00000000e0000000, 0x00000000e10a0000)
  from space 2112K,   3% used [0x00000000e10a0000, 0x00000000e10afe60, 0x00000000e12b0000)
  to   space 2112K,   0% used [0x00000000e12b0000, 0x00000000e12b0000, 0x00000000e14c0000)
 tenured generation   total 42368K, used 8387K [0x00000000eaaa0000, 0x00000000ed400000, 0x0000000100000000)
   the space 42368K,  19% used [0x00000000eaaa0000, 0x00000000eb2d0e50, 0x00000000eb2d1000, 0x00000000ed400000)
 Metaspace       used 25743K, capacity 25996K, committed 26240K, reserved 1073152K
  class space    used 2865K, capacity 2939K, committed 2944K, reserved 1048576K
}
Event: 2077.787 GC heap before
{Heap before GC invocations=15 (full 1):
 def new generation   total 19136K, used 17087K [0x00000000e0000000, 0x00000000e14c0000, 0x00000000eaaa0000)
  eden space 17024K, 100% used [0x00000000e0000000, 0x00000000e10a0000, 0x00000000e10a0000)
  from space 2112K,   3% used [0x00000000e10a0000, 0x00000000e10afe60, 0x00000000e12b0000)
  to   space 2112K,   0% used [0x00000000e12b0000, 0x00000000e12b0000, 0x00000000e14c0000)
 tenured generation   total 42368K, used 8387K [0x00000000eaaa0000, 0x00000000ed400000, 0x0000000100000000)
   the space 42368K,  19% used [0x00000000eaaa0000, 0x00000000eb2d0e50, 0x00000000eb2d1000, 0x00000000ed400000)
 Metaspace       used 25744K, capacity 25996K, committed 26240K, reserved 1073152K
  class space    used 2866K, capacity 2939K, committed 2944K, reserved 1048576K
Event: 2077.799 GC heap after
Heap after GC invocations=16 (full 1):
 def new generation   total 19136K, used 64K [0x00000000e0000000, 0x00000000e14c0000, 0x00000000eaaa0000)
  eden space 17024K,   0% used [0x00000000e0000000, 0x00000000e0000000, 0x00000000e10a0000)
  from space 2112K,   3% used [0x00000000e12b0000, 0x00000000e12c0328, 0x00000000e14c0000)
  to   space 2112K,   0% used [0x00000000e10a0000, 0x00000000e10a0000, 0x00000000e12b0000)
 tenured generation   total 42368K, used 8387K [0x00000000eaaa0000, 0x00000000ed400000, 0x0000000100000000)
   the space 42368K,  19% used [0x00000000eaaa0000, 0x00000000eb2d0e50, 0x00000000eb2d1000, 0x00000000ed400000)
 Metaspace       used 25744K, capacity 25996K, committed 26240K, reserved 1073152K
  class space    used 2866K, capacity 2939K, committed 2944K, reserved 1048576K
}
Event: 2619.126 GC heap before
{Heap before GC invocations=16 (full 1):
 def new generation   total 19136K, used 17088K [0x00000000e0000000, 0x00000000e14c0000, 0x00000000eaaa0000)
  eden space 17024K, 100% used [0x00000000e0000000, 0x00000000e10a0000, 0x00000000e10a0000)
  from space 2112K,   3% used [0x00000000e12b0000, 0x00000000e12c0328, 0x00000000e14c0000)
  to   space 2112K,   0% used [0x00000000e10a0000, 0x00000000e10a0000, 0x00000000e12b0000)
 tenured generation   total 42368K, used 8387K [0x00000000eaaa0000, 0x00000000ed400000, 0x0000000100000000)
   the space 42368K,  19% used [0x00000000eaaa0000, 0x00000000eb2d0e50, 0x00000000eb2d1000, 0x00000000ed400000)
 Metaspace       used 25744K, capacity 25996K, committed 26240K, reserved 1073152K
  class space    used 2866K, capacity 2939K, committed 2944K, reserved 1048576K
Event: 2619.163 GC heap after
Heap after GC invocations=17 (full 1):
 def new generation   total 19136K, used 64K [0x00000000e0000000, 0x00000000e14c0000, 0x00000000eaaa0000)
  eden space 17024K,   0% used [0x00000000e0000000, 0x00000000e0000000, 0x00000000e10a0000)
  from space 2112K,   3% used [0x00000000e10a0000, 0x00000000e10b03f8, 0x00000000e12b0000)
  to   space 2112K,   0% used [0x00000000e12b0000, 0x00000000e12b0000, 0x00000000e14c0000)
 tenured generation   total 42368K, used 8387K [0x00000000eaaa0000, 0x00000000ed400000, 0x0000000100000000)
   the space 42368K,  19% used [0x00000000eaaa0000, 0x00000000eb2d0e50, 0x00000000eb2d1000, 0x00000000ed400000)
 Metaspace       used 25744K, capacity 25996K, committed 26240K, reserved 1073152K
  class space    used 2866K, capacity 2939K, committed 2944K, reserved 1048576K
}

