# JRE version: Java(TM) SE Runtime Environment (8.0_121-b13) (build 1.8.0_121-b13)
# Java VM: Java HotSpot(TM) 64-Bit Server VM (25.121-b13 mixed mode linux-amd64 compressed oops)
Heap:
 def new generation   total 19008K, used 17978K [0x00000000e0000000, 0x00000000e14a0000, 0x00000000eaaa0000)
  eden space 16896K, 100% used [0x00000000e0000000, 0x00000000e1080000, 0x00000000e1080000)
  from space 2112K,  51% used [0x00000000e1290000, 0x00000000e139e900, 0x00000000e14a0000)
  to   space 2112K,   0% used [0x00000000e1080000, 0x00000000e1080000, 0x00000000e1290000)
 tenured generation   total 42368K, used 4288K [0x00000000eaaa0000, 0x00000000ed400000, 0x0000000100000000)
   the space 42368K,  10% used [0x00000000eaaa0000, 0x00000000eaed02d0, 0x00000000eaed0400, 0x00000000ed400000)
 Metaspace       used 19694K, capacity 19912K, committed 19968K, reserved 1067008K
  class space    used 2226K, capacity 2286K, committed 2304K, reserved 1048576K
GC Heap History (10 events):
Event: 17.447 GC heap before
{Heap before GC invocations=2 (full 0):
 def new generation   total 19008K, used 18692K [0x00000000e0000000, 0x00000000e14a0000, 0x00000000eaaa0000)
  eden space 16896K, 100% used [0x00000000e0000000, 0x00000000e1080000, 0x00000000e1080000)
  from space 2112K,  85% used [0x00000000e1080000, 0x00000000e1241348, 0x00000000e1290000)
  to   space 2112K,   0% used [0x00000000e1290000, 0x00000000e1290000, 0x00000000e14a0000)
 tenured generation   total 42368K, used 2587K [0x00000000eaaa0000, 0x00000000ed400000, 0x0000000100000000)
   the space 42368K,   6% used [0x00000000eaaa0000, 0x00000000ead26e18, 0x00000000ead27000, 0x00000000ed400000)
 Metaspace       used 11887K, capacity 12112K, committed 12288K, reserved 1060864K
  class space    used 1343K, capacity 1415K, committed 1536K, reserved 1048576K
Event: 17.478 GC heap after
Heap after GC invocations=3 (full 0):
 def new generation   total 19008K, used 1848K [0x00000000e0000000, 0x00000000e14a0000, 0x00000000eaaa0000)
  eden space 16896K,   0% used [0x00000000e0000000, 0x00000000e0000000, 0x00000000e1080000)
  from space 2112K,  87% used [0x00000000e1290000, 0x00000000e145e100, 0x00000000e14a0000)
  to   space 2112K,   0% used [0x00000000e1080000, 0x00000000e1080000, 0x00000000e1290000)
 tenured generation   total 42368K, used 3187K [0x00000000eaaa0000, 0x00000000ed400000, 0x0000000100000000)
   the space 42368K,   7% used [0x00000000eaaa0000, 0x00000000eadbcd90, 0x00000000eadbce00, 0x00000000ed400000)
 Metaspace       used 11887K, capacity 12112K, committed 12288K, reserved 1060864K
  class space    used 1343K, capacity 1415K, committed 1536K, reserved 1048576K
}
Event: 17.963 GC heap before
{Heap before GC invocations=3 (full 0):
 def new generation   total 19008K, used 18744K [0x00000000e0000000, 0x00000000e14a0000, 0x00000000eaaa0000)
  eden space 16896K, 100% used [0x00000000e0000000, 0x00000000e1080000, 0x00000000e1080000)
  from space 2112K,  87% used [0x00000000e1290000, 0x00000000e145e100, 0x00000000e14a0000)
  to   space 2112K,   0% used [0x00000000e1080000, 0x00000000e1080000, 0x00000000e1290000)
 tenured generation   total 42368K, used 3187K [0x00000000eaaa0000, 0x00000000ed400000, 0x0000000100000000)
   the space 42368K,   7% used [0x00000000eaaa0000, 0x00000000eadbcd90, 0x00000000eadbce00, 0x00000000ed400000)
 Metaspace       used 13334K, capacity 13520K, committed 13696K, reserved 1060864K
  class space    used 1483K, capacity 1543K, committed 1664K, reserved 1048576K
Event: 17.982 GC heap after
Heap after GC invocations=4 (full 0):
 def new generation   total 19008K, used 1535K [0x00000000e0000000, 0x00000000e14a0000, 0x00000000eaaa0000)
  eden space 16896K,   0% used [0x00000000e0000000, 0x00000000e0000000, 0x00000000e1080000)
  from space 2112K,  72% used [0x00000000e1080000, 0x00000000e11ffc10, 0x00000000e1290000)
  to   space 2112K,   0% used [0x00000000e1290000, 0x00000000e1290000, 0x00000000e14a0000)
 tenured generation   total 42368K, used 3576K [0x00000000eaaa0000, 0x00000000ed400000, 0x0000000100000000)
   the space 42368K,   8% used [0x00000000eaaa0000, 0x00000000eae1e300, 0x00000000eae1e400, 0x00000000ed400000)
 Metaspace       used 13334K, capacity 13520K, committed 13696K, reserved 1060864K
  class space    used 1483K, capacity 1543K, committed 1664K, reserved 1048576K
}
Event: 18.799 GC heap before
{Heap before GC invocations=4 (full 0):
 def new generation   total 19008K, used 18431K [0x00000000e0000000, 0x00000000e14a0000, 0x00000000eaaa0000)
  eden space 16896K, 100% used [0x00000000e0000000, 0x00000000e1080000, 0x00000000e1080000)
  from space 2112K,  72% used [0x00000000e1080000, 0x00000000e11ffc10, 0x00000000e1290000)
  to   space 2112K,   0% used [0x00000000e1290000, 0x00000000e1290000, 0x00000000e14a0000)
 tenured generation   total 42368K, used 3576K [0x00000000eaaa0000, 0x00000000ed400000, 0x0000000100000000)
   the space 42368K,   8% used [0x00000000eaaa0000, 0x00000000eae1e300, 0x00000000eae1e400, 0x00000000ed400000)
 Metaspace       used 14648K, capacity 14864K, committed 15104K, reserved 1062912K
  class space    used 1646K, capacity 1735K, committed 1792K, reserved 1048576K
Event: 18.817 GC heap after
Heap after GC invocations=5 (full 0):
 def new generation   total 19008K, used 1440K [0x00000000e0000000, 0x00000000e14a0000, 0x00000000eaaa0000)
  eden space 16896K,   0% used [0x00000000e0000000, 0x00000000e0000000, 0x00000000e1080000)
  from space 2112K,  68% used [0x00000000e1290000, 0x00000000e13f83c0, 0x00000000e14a0000)
  to   space 2112K,   0% used [0x00000000e1080000, 0x00000000e1080000, 0x00000000e1290000)
 tenured generation   total 42368K, used 3670K [0x00000000eaaa0000, 0x00000000ed400000, 0x0000000100000000)
   the space 42368K,   8% used [0x00000000eaaa0000, 0x00000000eae35ae8, 0x00000000eae35c00, 0x00000000ed400000)
 Metaspace       used 14648K, capacity 14864K, committed 15104K, reserved 1062912K
  class space    used 1646K, capacity 1735K, committed 1792K, reserved 1048576K
}
Event: 20.454 GC heap before
{Heap before GC invocations=5 (full 0):
 def new generation   total 19008K, used 18336K [0x00000000e0000000, 0x00000000e14a0000, 0x00000000eaaa0000)
  eden space 16896K, 100% used [0x00000000e0000000, 0x00000000e1080000, 0x00000000e1080000)
  from space 2112K,  68% used [0x00000000e1290000, 0x00000000e13f83c0, 0x00000000e14a0000)
  to   space 2112K,   0% used [0x00000000e1080000, 0x00000000e1080000, 0x00000000e1290000)
 tenured generation   total 42368K, used 3670K [0x00000000eaaa0000, 0x00000000ed400000, 0x0000000100000000)
   the space 42368K,   8% used [0x00000000eaaa0000, 0x00000000eae35ae8, 0x00000000eae35c00, 0x00000000ed400000)
 Metaspace       used 16029K, capacity 16276K, committed 16640K, reserved 1064960K
  class space    used 1842K, capacity 1927K, committed 2048K, reserved 1048576K
Event: 20.475 GC heap after
Heap after GC invocations=6 (full 0):
 def new generation   total 19008K, used 1497K [0x00000000e0000000, 0x00000000e14a0000, 0x00000000eaaa0000)
  eden space 16896K,   0% used [0x00000000e0000000, 0x00000000e0000000, 0x00000000e1080000)
  from space 2112K,  70% used [0x00000000e1080000, 0x00000000e11f67e0, 0x00000000e1290000)
  to   space 2112K,   0% used [0x00000000e1290000, 0x00000000e1290000, 0x00000000e14a0000)
 tenured generation   total 42368K, used 3992K [0x00000000eaaa0000, 0x00000000ed400000, 0x0000000100000000)
   the space 42368K,   9% used [0x00000000eaaa0000, 0x00000000eae86398, 0x00000000eae86400, 0x00000000ed400000)
 Metaspace       used 16029K, capacity 16276K, committed 16640K, reserved 1064960K
  class space    used 1842K, capacity 1927K, committed 2048K, reserved 1048576K
}
Event: 22.460 GC heap before
{Heap before GC invocations=6 (full 0):
 def new generation   total 19008K, used 18393K [0x00000000e0000000, 0x00000000e14a0000, 0x00000000eaaa0000)
  eden space 16896K, 100% used [0x00000000e0000000, 0x00000000e1080000, 0x00000000e1080000)
  from space 2112K,  70% used [0x00000000e1080000, 0x00000000e11f67e0, 0x00000000e1290000)
  to   space 2112K,   0% used [0x00000000e1290000, 0x00000000e1290000, 0x00000000e14a0000)
 tenured generation   total 42368K, used 3992K [0x00000000eaaa0000, 0x00000000ed400000, 0x0000000100000000)
   the space 42368K,   9% used [0x00000000eaaa0000, 0x00000000eae86398, 0x00000000eae86400, 0x00000000ed400000)
 Metaspace       used 16926K, capacity 17140K, committed 17408K, reserved 1064960K
  class space    used 1948K, capacity 2023K, committed 2048K, reserved 1048576K
Event: 22.516 GC heap after
Heap after GC invocations=7 (full 0):
 def new generation   total 19008K, used 1082K [0x00000000e0000000, 0x00000000e14a0000, 0x00000000eaaa0000)
  eden space 16896K,   0% used [0x00000000e0000000, 0x00000000e0000000, 0x00000000e1080000)
  from space 2112K,  51% used [0x00000000e1290000, 0x00000000e139e900, 0x00000000e14a0000)
  to   space 2112K,   0% used [0x00000000e1080000, 0x00000000e1080000, 0x00000000e1290000)
 tenured generation   total 42368K, used 4288K [0x00000000eaaa0000, 0x00000000ed400000, 0x0000000100000000)
   the space 42368K,  10% used [0x00000000eaaa0000, 0x00000000eaed02d0, 0x00000000eaed0400, 0x00000000ed400000)
 Metaspace       used 16926K, capacity 17140K, committed 17408K, reserved 1064960K
  class space    used 1948K, capacity 2023K, committed 2048K, reserved 1048576K
}

