# JRE version: Java(TM) SE Runtime Environment (8.0_121-b13) (build 1.8.0_121-b13)
# Java VM: Java HotSpot(TM) 64-Bit Server VM (25.121-b13 mixed mode linux-amd64 compressed oops)
Heap:
 def new generation   total 19136K, used 7524K [0x00000000e0000000, 0x00000000e14c0000, 0x00000000eaaa0000)
  eden space 17024K,  34% used [0x00000000e0000000, 0x00000000e05af590, 0x00000000e10a0000)
  from space 2112K,  80% used [0x00000000e12b0000, 0x00000000e1459c38, 0x00000000e14c0000)
  to   space 2112K,   0% used [0x00000000e10a0000, 0x00000000e10a0000, 0x00000000e12b0000)
 tenured generation   total 42368K, used 8009K [0x00000000eaaa0000, 0x00000000ed400000, 0x0000000100000000)
   the space 42368K,  18% used [0x00000000eaaa0000, 0x00000000eb272540, 0x00000000eb272600, 0x00000000ed400000)
 Metaspace       used 25333K, capacity 25624K, committed 25728K, reserved 1073152K
  class space    used 2863K, capacity 2939K, committed 2944K, reserved 1048576K
GC Heap History (10 events):
Event: 13.327 GC heap before
{Heap before GC invocations=7 (full 0):
 def new generation   total 19008K, used 17988K [0x00000000e0000000, 0x00000000e14a0000, 0x00000000eaaa0000)
  eden space 16896K, 100% used [0x00000000e0000000, 0x00000000e1080000, 0x00000000e1080000)
  from space 2112K,  51% used [0x00000000e1290000, 0x00000000e13a1388, 0x00000000e14a0000)
  to   space 2112K,   0% used [0x00000000e1080000, 0x00000000e1080000, 0x00000000e1290000)
 tenured generation   total 42368K, used 4288K [0x00000000eaaa0000, 0x00000000ed400000, 0x0000000100000000)
   the space 42368K,  10% used [0x00000000eaaa0000, 0x00000000eaed03a8, 0x00000000eaed0400, 0x00000000ed400000)
 Metaspace       used 19699K, capacity 19860K, committed 19968K, reserved 1067008K
  class space    used 2229K, capacity 2286K, committed 2304K, reserved 1048576K
Event: 13.338 GC heap after
Heap after GC invocations=8 (full 0):
 def new generation   total 19008K, used 2111K [0x00000000e0000000, 0x00000000e14a0000, 0x00000000eaaa0000)
  eden space 16896K,   0% used [0x00000000e0000000, 0x00000000e0000000, 0x00000000e1080000)
  from space 2112K,  99% used [0x00000000e1080000, 0x00000000e128ffc8, 0x00000000e1290000)
  to   space 2112K,   0% used [0x00000000e1290000, 0x00000000e1290000, 0x00000000e14a0000)
 tenured generation   total 42368K, used 4511K [0x00000000eaaa0000, 0x00000000ed400000, 0x0000000100000000)
   the space 42368K,  10% used [0x00000000eaaa0000, 0x00000000eaf07f70, 0x00000000eaf08000, 0x00000000ed400000)
 Metaspace       used 19699K, capacity 19860K, committed 19968K, reserved 1067008K
  class space    used 2229K, capacity 2286K, committed 2304K, reserved 1048576K
}
Event: 14.787 GC heap before
{Heap before GC invocations=8 (full 0):
 def new generation   total 19008K, used 13747K [0x00000000e0000000, 0x00000000e14a0000, 0x00000000eaaa0000)
  eden space 16896K,  68% used [0x00000000e0000000, 0x00000000e0b5cd98, 0x00000000e1080000)
  from space 2112K,  99% used [0x00000000e1080000, 0x00000000e128ffc8, 0x00000000e1290000)
  to   space 2112K,   0% used [0x00000000e1290000, 0x00000000e1290000, 0x00000000e14a0000)
 tenured generation   total 42368K, used 4511K [0x00000000eaaa0000, 0x00000000ed400000, 0x0000000100000000)
   the space 42368K,  10% used [0x00000000eaaa0000, 0x00000000eaf07f70, 0x00000000eaf08000, 0x00000000ed400000)
 Metaspace       used 20907K, capacity 21122K, committed 21248K, reserved 1069056K
  class space    used 2370K, capacity 2450K, committed 2560K, reserved 1048576K
Event: 14.850 GC heap after
Heap after GC invocations=9 (full 1):
 def new generation   total 19136K, used 0K [0x00000000e0000000, 0x00000000e14c0000, 0x00000000eaaa0000)
  eden space 17024K,   0% used [0x00000000e0000000, 0x00000000e0000000, 0x00000000e10a0000)
  from space 2112K,   0% used [0x00000000e10a0000, 0x00000000e10a0000, 0x00000000e12b0000)
  to   space 2112K,   0% used [0x00000000e12b0000, 0x00000000e12b0000, 0x00000000e14c0000)
 tenured generation   total 42368K, used 7138K [0x00000000eaaa0000, 0x00000000ed400000, 0x0000000100000000)
   the space 42368K,  16% used [0x00000000eaaa0000, 0x00000000eb198ad8, 0x00000000eb198c00, 0x00000000ed400000)
 Metaspace       used 20907K, capacity 21122K, committed 21248K, reserved 1069056K
  class space    used 2370K, capacity 2450K, committed 2560K, reserved 1048576K
}
Event: 15.876 GC heap before
{Heap before GC invocations=9 (full 1):
 def new generation   total 19136K, used 17024K [0x00000000e0000000, 0x00000000e14c0000, 0x00000000eaaa0000)
  eden space 17024K, 100% used [0x00000000e0000000, 0x00000000e10a0000, 0x00000000e10a0000)
  from space 2112K,   0% used [0x00000000e10a0000, 0x00000000e10a0000, 0x00000000e12b0000)
  to   space 2112K,   0% used [0x00000000e12b0000, 0x00000000e12b0000, 0x00000000e14c0000)
 tenured generation   total 42368K, used 7138K [0x00000000eaaa0000, 0x00000000ed400000, 0x0000000100000000)
   the space 42368K,  16% used [0x00000000eaaa0000, 0x00000000eb198ad8, 0x00000000eb198c00, 0x00000000ed400000)
 Metaspace       used 22014K, capacity 22280K, committed 22656K, reserved 1069056K
  class space    used 2503K, capacity 2579K, committed 2688K, reserved 1048576K
Event: 15.880 GC heap after
Heap after GC invocations=10 (full 1):
 def new generation   total 19136K, used 1412K [0x00000000e0000000, 0x00000000e14c0000, 0x00000000eaaa0000)
  eden space 17024K,   0% used [0x00000000e0000000, 0x00000000e0000000, 0x00000000e10a0000)
  from space 2112K,  66% used [0x00000000e12b0000, 0x00000000e1411048, 0x00000000e14c0000)
  to   space 2112K,   0% used [0x00000000e10a0000, 0x00000000e10a0000, 0x00000000e12b0000)
 tenured generation   total 42368K, used 7138K [0x00000000eaaa0000, 0x00000000ed400000, 0x0000000100000000)
   the space 42368K,  16% used [0x00000000eaaa0000, 0x00000000eb198ad8, 0x00000000eb198c00, 0x00000000ed400000)
 Metaspace       used 22014K, capacity 22280K, committed 22656K, reserved 1069056K
  class space    used 2503K, capacity 2579K, committed 2688K, reserved 1048576K
}
Event: 17.151 GC heap before
{Heap before GC invocations=10 (full 1):
 def new generation   total 19136K, used 18436K [0x00000000e0000000, 0x00000000e14c0000, 0x00000000eaaa0000)
  eden space 17024K, 100% used [0x00000000e0000000, 0x00000000e10a0000, 0x00000000e10a0000)
  from space 2112K,  66% used [0x00000000e12b0000, 0x00000000e1411048, 0x00000000e14c0000)
  to   space 2112K,   0% used [0x00000000e10a0000, 0x00000000e10a0000, 0x00000000e12b0000)
 tenured generation   total 42368K, used 7138K [0x00000000eaaa0000, 0x00000000ed400000, 0x0000000100000000)
   the space 42368K,  16% used [0x00000000eaaa0000, 0x00000000eb198ad8, 0x00000000eb198c00, 0x00000000ed400000)
 Metaspace       used 23245K, capacity 23432K, committed 23808K, reserved 1071104K
  class space    used 2644K, capacity 2707K, committed 2816K, reserved 1048576K
Event: 17.163 GC heap after
Heap after GC invocations=11 (full 1):
 def new generation   total 19136K, used 1111K [0x00000000e0000000, 0x00000000e14c0000, 0x00000000eaaa0000)
  eden space 17024K,   0% used [0x00000000e0000000, 0x00000000e0000000, 0x00000000e10a0000)
  from space 2112K,  52% used [0x00000000e10a0000, 0x00000000e11b5e18, 0x00000000e12b0000)
  to   space 2112K,   0% used [0x00000000e12b0000, 0x00000000e12b0000, 0x00000000e14c0000)
 tenured generation   total 42368K, used 7366K [0x00000000eaaa0000, 0x00000000ed400000, 0x0000000100000000)
   the space 42368K,  17% used [0x00000000eaaa0000, 0x00000000eb1d1ba0, 0x00000000eb1d1c00, 0x00000000ed400000)
 Metaspace       used 23245K, capacity 23432K, committed 23808K, reserved 1071104K
  class space    used 2644K, capacity 2707K, committed 2816K, reserved 1048576K
}
Event: 17.808 GC heap before
{Heap before GC invocations=11 (full 1):
 def new generation   total 19136K, used 18135K [0x00000000e0000000, 0x00000000e14c0000, 0x00000000eaaa0000)
  eden space 17024K, 100% used [0x00000000e0000000, 0x00000000e10a0000, 0x00000000e10a0000)
  from space 2112K,  52% used [0x00000000e10a0000, 0x00000000e11b5e18, 0x00000000e12b0000)
  to   space 2112K,   0% used [0x00000000e12b0000, 0x00000000e12b0000, 0x00000000e14c0000)
 tenured generation   total 42368K, used 7366K [0x00000000eaaa0000, 0x00000000ed400000, 0x0000000100000000)
   the space 42368K,  17% used [0x00000000eaaa0000, 0x00000000eb1d1ba0, 0x00000000eb1d1c00, 0x00000000ed400000)
 Metaspace       used 24923K, capacity 25160K, committed 25472K, reserved 1071104K
  class space    used 2833K, capacity 2899K, committed 2944K, reserved 1048576K
Event: 17.824 GC heap after
Heap after GC invocations=12 (full 1):
 def new generation   total 19136K, used 1703K [0x00000000e0000000, 0x00000000e14c0000, 0x00000000eaaa0000)
  eden space 17024K,   0% used [0x00000000e0000000, 0x00000000e0000000, 0x00000000e10a0000)
  from space 2112K,  80% used [0x00000000e12b0000, 0x00000000e1459c38, 0x00000000e14c0000)
  to   space 2112K,   0% used [0x00000000e10a0000, 0x00000000e10a0000, 0x00000000e12b0000)
 tenured generation   total 42368K, used 8009K [0x00000000eaaa0000, 0x00000000ed400000, 0x0000000100000000)
   the space 42368K,  18% used [0x00000000eaaa0000, 0x00000000eb272540, 0x00000000eb272600, 0x00000000ed400000)
 Metaspace       used 24923K, capacity 25160K, committed 25472K, reserved 1071104K
  class space    used 2833K, capacity 2899K, committed 2944K, reserved 1048576K
}

