# JRE version: Java(TM) SE Runtime Environment (8.0_121-b13) (build 1.8.0_121-b13)
# Java VM: Java HotSpot(TM) 64-Bit Server VM (25.121-b13 mixed mode linux-amd64 compressed oops)
Heap:
 def new generation   total 19136K, used 8767K [0x00000000e0000000, 0x00000000e14c0000, 0x00000000eaaa0000)
  eden space 17024K,  50% used [0x00000000e0000000, 0x00000000e0879778, 0x00000000e10a0000)
  from space 2112K,   4% used [0x00000000e10a0000, 0x00000000e10b6708, 0x00000000e12b0000)
  to   space 2112K,   0% used [0x00000000e12b0000, 0x00000000e12b0000, 0x00000000e14c0000)
 tenured generation   total 42368K, used 8338K [0x00000000eaaa0000, 0x00000000ed400000, 0x0000000100000000)
   the space 42368K,  19% used [0x00000000eaaa0000, 0x00000000eb2c4b60, 0x00000000eb2c4c00, 0x00000000ed400000)
 Metaspace       used 25791K, capacity 26060K, committed 26240K, reserved 1073152K
  class space    used 2864K, capacity 2939K, committed 2944K, reserved 1048576K
GC Heap History (10 events):
Event: 376.078 GC heap before
{Heap before GC invocations=12 (full 1):
 def new generation   total 19136K, used 18719K [0x00000000e0000000, 0x00000000e14c0000, 0x00000000eaaa0000)
  eden space 17024K, 100% used [0x00000000e0000000, 0x00000000e10a0000, 0x00000000e10a0000)
  from space 2112K,  80% used [0x00000000e12b0000, 0x00000000e1457d70, 0x00000000e14c0000)
  to   space 2112K,   0% used [0x00000000e10a0000, 0x00000000e10a0000, 0x00000000e12b0000)
 tenured generation   total 42368K, used 7988K [0x00000000eaaa0000, 0x00000000ed400000, 0x0000000100000000)
   the space 42368K,  18% used [0x00000000eaaa0000, 0x00000000eb26d3a0, 0x00000000eb26d400, 0x00000000ed400000)
 Metaspace       used 25763K, capacity 25996K, committed 26240K, reserved 1073152K
  class space    used 2863K, capacity 2939K, committed 2944K, reserved 1048576K
Event: 376.105 GC heap after
Heap after GC invocations=13 (full 1):
 def new generation   total 19136K, used 352K [0x00000000e0000000, 0x00000000e14c0000, 0x00000000eaaa0000)
  eden space 17024K,   0% used [0x00000000e0000000, 0x00000000e0000000, 0x00000000e10a0000)
  from space 2112K,  16% used [0x00000000e10a0000, 0x00000000e10f83e0, 0x00000000e12b0000)
  to   space 2112K,   0% used [0x00000000e12b0000, 0x00000000e12b0000, 0x00000000e14c0000)
 tenured generation   total 42368K, used 8338K [0x00000000eaaa0000, 0x00000000ed400000, 0x0000000100000000)
   the space 42368K,  19% used [0x00000000eaaa0000, 0x00000000eb2c4b60, 0x00000000eb2c4c00, 0x00000000ed400000)
 Metaspace       used 25763K, capacity 25996K, committed 26240K, reserved 1073152K
  class space    used 2863K, capacity 2939K, committed 2944K, reserved 1048576K
}
Event: 897.192 GC heap before
{Heap before GC invocations=13 (full 1):
 def new generation   total 19136K, used 17376K [0x00000000e0000000, 0x00000000e14c0000, 0x00000000eaaa0000)
  eden space 17024K, 100% used [0x00000000e0000000, 0x00000000e10a0000, 0x00000000e10a0000)
  from space 2112K,  16% used [0x00000000e10a0000, 0x00000000e10f83e0, 0x00000000e12b0000)
  to   space 2112K,   0% used [0x00000000e12b0000, 0x00000000e12b0000, 0x00000000e14c0000)
 tenured generation   total 42368K, used 8338K [0x00000000eaaa0000, 0x00000000ed400000, 0x0000000100000000)
   the space 42368K,  19% used [0x00000000eaaa0000, 0x00000000eb2c4b60, 0x00000000eb2c4c00, 0x00000000ed400000)
 Metaspace       used 25788K, capacity 26060K, committed 26240K, reserved 1073152K
  class space    used 2863K, capacity 2939K, committed 2944K, reserved 1048576K
Event: 897.206 GC heap after
Heap after GC invocations=14 (full 1):
 def new generation   total 19136K, used 81K [0x00000000e0000000, 0x00000000e14c0000, 0x00000000eaaa0000)
  eden space 17024K,   0% used [0x00000000e0000000, 0x00000000e0000000, 0x00000000e10a0000)
  from space 2112K,   3% used [0x00000000e12b0000, 0x00000000e12c4458, 0x00000000e14c0000)
  to   space 2112K,   0% used [0x00000000e10a0000, 0x00000000e10a0000, 0x00000000e12b0000)
 tenured generation   total 42368K, used 8338K [0x00000000eaaa0000, 0x00000000ed400000, 0x0000000100000000)
   the space 42368K,  19% used [0x00000000eaaa0000, 0x00000000eb2c4b60, 0x00000000eb2c4c00, 0x00000000ed400000)
 Metaspace       used 25788K, capacity 26060K, committed 26240K, reserved 1073152K
  class space    used 2863K, capacity 2939K, committed 2944K, reserved 1048576K
}
Event: 1421.444 GC heap before
{Heap before GC invocations=14 (full 1):
 def new generation   total 19136K, used 17105K [0x00000000e0000000, 0x00000000e14c0000, 0x00000000eaaa0000)
  eden space 17024K, 100% used [0x00000000e0000000, 0x00000000e10a0000, 0x00000000e10a0000)
  from space 2112K,   3% used [0x00000000e12b0000, 0x00000000e12c4458, 0x00000000e14c0000)
  to   space 2112K,   0% used [0x00000000e10a0000, 0x00000000e10a0000, 0x00000000e12b0000)
 tenured generation   total 42368K, used 8338K [0x00000000eaaa0000, 0x00000000ed400000, 0x0000000100000000)
   the space 42368K,  19% used [0x00000000eaaa0000, 0x00000000eb2c4b60, 0x00000000eb2c4c00, 0x00000000ed400000)
 Metaspace       used 25790K, capacity 26060K, committed 26240K, reserved 1073152K
  class space    used 2864K, capacity 2939K, committed 2944K, reserved 1048576K
Event: 1421.487 GC heap after
Heap after GC invocations=15 (full 1):
 def new generation   total 19136K, used 82K [0x00000000e0000000, 0x00000000e14c0000, 0x00000000eaaa0000)
  eden space 17024K,   0% used [0x00000000e0000000, 0x00000000e0000000, 0x00000000e10a0000)
  from space 2112K,   3% used [0x00000000e10a0000, 0x00000000e10b48b0, 0x00000000e12b0000)
  to   space 2112K,   0% used [0x00000000e12b0000, 0x00000000e12b0000, 0x00000000e14c0000)
 tenured generation   total 42368K, used 8338K [0x00000000eaaa0000, 0x00000000ed400000, 0x0000000100000000)
   the space 42368K,  19% used [0x00000000eaaa0000, 0x00000000eb2c4b60, 0x00000000eb2c4c00, 0x00000000ed400000)
 Metaspace       used 25790K, capacity 26060K, committed 26240K, reserved 1073152K
  class space    used 2864K, capacity 2939K, committed 2944K, reserved 1048576K
}
Event: 1945.635 GC heap before
{Heap before GC invocations=15 (full 1):
 def new generation   total 19136K, used 17106K [0x00000000e0000000, 0x00000000e14c0000, 0x00000000eaaa0000)
  eden space 17024K, 100% used [0x00000000e0000000, 0x00000000e10a0000, 0x00000000e10a0000)
  from space 2112K,   3% used [0x00000000e10a0000, 0x00000000e10b48b0, 0x00000000e12b0000)
  to   space 2112K,   0% used [0x00000000e12b0000, 0x00000000e12b0000, 0x00000000e14c0000)
 tenured generation   total 42368K, used 8338K [0x00000000eaaa0000, 0x00000000ed400000, 0x0000000100000000)
   the space 42368K,  19% used [0x00000000eaaa0000, 0x00000000eb2c4b60, 0x00000000eb2c4c00, 0x00000000ed400000)
 Metaspace       used 25790K, capacity 26060K, committed 26240K, reserved 1073152K
  class space    used 2864K, capacity 2939K, committed 2944K, reserved 1048576K
Event: 1945.650 GC heap after
Heap after GC invocations=16 (full 1):
 def new generation   total 19136K, used 83K [0x00000000e0000000, 0x00000000e14c0000, 0x00000000eaaa0000)
  eden space 17024K,   0% used [0x00000000e0000000, 0x00000000e0000000, 0x00000000e10a0000)
  from space 2112K,   3% used [0x00000000e12b0000, 0x00000000e12c4e58, 0x00000000e14c0000)
  to   space 2112K,   0% used [0x00000000e10a0000, 0x00000000e10a0000, 0x00000000e12b0000)
 tenured generation   total 42368K, used 8338K [0x00000000eaaa0000, 0x00000000ed400000, 0x0000000100000000)
   the space 42368K,  19% used [0x00000000eaaa0000, 0x00000000eb2c4b60, 0x00000000eb2c4c00, 0x00000000ed400000)
 Metaspace       used 25790K, capacity 26060K, committed 26240K, reserved 1073152K
  class space    used 2864K, capacity 2939K, committed 2944K, reserved 1048576K
}
Event: 2480.121 GC heap before
{Heap before GC invocations=16 (full 1):
 def new generation   total 19136K, used 17107K [0x00000000e0000000, 0x00000000e14c0000, 0x00000000eaaa0000)
  eden space 17024K, 100% used [0x00000000e0000000, 0x00000000e10a0000, 0x00000000e10a0000)
  from space 2112K,   3% used [0x00000000e12b0000, 0x00000000e12c4e58, 0x00000000e14c0000)
  to   space 2112K,   0% used [0x00000000e10a0000, 0x00000000e10a0000, 0x00000000e12b0000)
 tenured generation   total 42368K, used 8338K [0x00000000eaaa0000, 0x00000000ed400000, 0x0000000100000000)
   the space 42368K,  19% used [0x00000000eaaa0000, 0x00000000eb2c4b60, 0x00000000eb2c4c00, 0x00000000ed400000)
 Metaspace       used 25790K, capacity 26060K, committed 26240K, reserved 1073152K
  class space    used 2864K, capacity 2939K, committed 2944K, reserved 1048576K
Event: 2480.129 GC heap after
Heap after GC invocations=17 (full 1):
 def new generation   total 19136K, used 89K [0x00000000e0000000, 0x00000000e14c0000, 0x00000000eaaa0000)
  eden space 17024K,   0% used [0x00000000e0000000, 0x00000000e0000000, 0x00000000e10a0000)
  from space 2112K,   4% used [0x00000000e10a0000, 0x00000000e10b6708, 0x00000000e12b0000)
  to   space 2112K,   0% used [0x00000000e12b0000, 0x00000000e12b0000, 0x00000000e14c0000)
 tenured generation   total 42368K, used 8338K [0x00000000eaaa0000, 0x00000000ed400000, 0x0000000100000000)
   the space 42368K,  19% used [0x00000000eaaa0000, 0x00000000eb2c4b60, 0x00000000eb2c4c00, 0x00000000ed400000)
 Metaspace       used 25790K, capacity 26060K, committed 26240K, reserved 1073152K
  class space    used 2864K, capacity 2939K, committed 2944K, reserved 1048576K
}

