# JRE version: Java(TM) SE Runtime Environment (8.0_121-b13) (build 1.8.0_121-b13)
# Java VM: Java HotSpot(TM) 64-Bit Server VM (25.121-b13 mixed mode linux-amd64 compressed oops)
Heap:
 def new generation   total 19136K, used 8076K [0x00000000e0000000, 0x00000000e14c0000, 0x00000000eaaa0000)
  eden space 17024K,  40% used [0x00000000e0000000, 0x00000000e06c4310, 0x00000000e10a0000)
  from space 2112K,  54% used [0x00000000e10a0000, 0x00000000e11bf0a0, 0x00000000e12b0000)
  to   space 2112K,   0% used [0x00000000e12b0000, 0x00000000e12b0000, 0x00000000e14c0000)
 tenured generation   total 42368K, used 7355K [0x00000000eaaa0000, 0x00000000ed400000, 0x0000000100000000)
   the space 42368K,  17% used [0x00000000eaaa0000, 0x00000000eb1cef90, 0x00000000eb1cf000, 0x00000000ed400000)
 Metaspace       used 24117K, capacity 24360K, committed 24576K, reserved 1071104K
  class space    used 2741K, capacity 2803K, committed 2816K, reserved 1048576K
GC Heap History (10 events):
Event: 11.918 GC heap before
{Heap before GC invocations=6 (full 0):
 def new generation   total 19008K, used 18390K [0x00000000e0000000, 0x00000000e14a0000, 0x00000000eaaa0000)
  eden space 16896K, 100% used [0x00000000e0000000, 0x00000000e1080000, 0x00000000e1080000)
  from space 2112K,  70% used [0x00000000e1080000, 0x00000000e11f59a8, 0x00000000e1290000)
  to   space 2112K,   0% used [0x00000000e1290000, 0x00000000e1290000, 0x00000000e14a0000)
 tenured generation   total 42368K, used 3988K [0x00000000eaaa0000, 0x00000000ed400000, 0x0000000100000000)
   the space 42368K,   9% used [0x00000000eaaa0000, 0x00000000eae853d8, 0x00000000eae85400, 0x00000000ed400000)
 Metaspace       used 16920K, capacity 17152K, committed 17408K, reserved 1064960K
  class space    used 1948K, capacity 2023K, committed 2048K, reserved 1048576K
Event: 11.946 GC heap after
Heap after GC invocations=7 (full 0):
 def new generation   total 19008K, used 1099K [0x00000000e0000000, 0x00000000e14a0000, 0x00000000eaaa0000)
  eden space 16896K,   0% used [0x00000000e0000000, 0x00000000e0000000, 0x00000000e1080000)
  from space 2112K,  52% used [0x00000000e1290000, 0x00000000e13a2f38, 0x00000000e14a0000)
  to   space 2112K,   0% used [0x00000000e1080000, 0x00000000e1080000, 0x00000000e1290000)
 tenured generation   total 42368K, used 4284K [0x00000000eaaa0000, 0x00000000ed400000, 0x0000000100000000)
   the space 42368K,  10% used [0x00000000eaaa0000, 0x00000000eaecf368, 0x00000000eaecf400, 0x00000000ed400000)
 Metaspace       used 16920K, capacity 17152K, committed 17408K, reserved 1064960K
  class space    used 1948K, capacity 2023K, committed 2048K, reserved 1048576K
}
Event: 15.426 GC heap before
{Heap before GC invocations=7 (full 0):
 def new generation   total 19008K, used 17995K [0x00000000e0000000, 0x00000000e14a0000, 0x00000000eaaa0000)
  eden space 16896K, 100% used [0x00000000e0000000, 0x00000000e1080000, 0x00000000e1080000)
  from space 2112K,  52% used [0x00000000e1290000, 0x00000000e13a2f38, 0x00000000e14a0000)
  to   space 2112K,   0% used [0x00000000e1080000, 0x00000000e1080000, 0x00000000e1290000)
 tenured generation   total 42368K, used 4284K [0x00000000eaaa0000, 0x00000000ed400000, 0x0000000100000000)
   the space 42368K,  10% used [0x00000000eaaa0000, 0x00000000eaecf368, 0x00000000eaecf400, 0x00000000ed400000)
 Metaspace       used 19716K, capacity 19924K, committed 19968K, reserved 1067008K
  class space    used 2229K, capacity 2286K, committed 2304K, reserved 1048576K
Event: 15.471 GC heap after
Heap after GC invocations=8 (full 0):
 def new generation   total 19008K, used 2110K [0x00000000e0000000, 0x00000000e14a0000, 0x00000000eaaa0000)
  eden space 16896K,   0% used [0x00000000e0000000, 0x00000000e0000000, 0x00000000e1080000)
  from space 2112K,  99% used [0x00000000e1080000, 0x00000000e128fb98, 0x00000000e1290000)
  to   space 2112K,   0% used [0x00000000e1290000, 0x00000000e1290000, 0x00000000e14a0000)
 tenured generation   total 42368K, used 4507K [0x00000000eaaa0000, 0x00000000ed400000, 0x0000000100000000)
   the space 42368K,  10% used [0x00000000eaaa0000, 0x00000000eaf06d30, 0x00000000eaf06e00, 0x00000000ed400000)
 Metaspace       used 19716K, capacity 19924K, committed 19968K, reserved 1067008K
  class space    used 2229K, capacity 2286K, committed 2304K, reserved 1048576K
}
Event: 19.633 GC heap before
{Heap before GC invocations=8 (full 0):
 def new generation   total 19008K, used 13747K [0x00000000e0000000, 0x00000000e14a0000, 0x00000000eaaa0000)
  eden space 16896K,  68% used [0x00000000e0000000, 0x00000000e0b5d1e0, 0x00000000e1080000)
  from space 2112K,  99% used [0x00000000e1080000, 0x00000000e128fb98, 0x00000000e1290000)
  to   space 2112K,   0% used [0x00000000e1290000, 0x00000000e1290000, 0x00000000e14a0000)
 tenured generation   total 42368K, used 4507K [0x00000000eaaa0000, 0x00000000ed400000, 0x0000000100000000)
   the space 42368K,  10% used [0x00000000eaaa0000, 0x00000000eaf06d30, 0x00000000eaf06e00, 0x00000000ed400000)
 Metaspace       used 20922K, capacity 21122K, committed 21248K, reserved 1069056K
  class space    used 2369K, capacity 2450K, committed 2560K, reserved 1048576K
Event: 20.007 GC heap after
Heap after GC invocations=9 (full 1):
 def new generation   total 19136K, used 0K [0x00000000e0000000, 0x00000000e14c0000, 0x00000000eaaa0000)
  eden space 17024K,   0% used [0x00000000e0000000, 0x00000000e0000000, 0x00000000e10a0000)
  from space 2112K,   0% used [0x00000000e10a0000, 0x00000000e10a0000, 0x00000000e12b0000)
  to   space 2112K,   0% used [0x00000000e12b0000, 0x00000000e12b0000, 0x00000000e14c0000)
 tenured generation   total 42368K, used 7126K [0x00000000eaaa0000, 0x00000000ed400000, 0x0000000100000000)
   the space 42368K,  16% used [0x00000000eaaa0000, 0x00000000eb195b90, 0x00000000eb195c00, 0x00000000ed400000)
 Metaspace       used 20922K, capacity 21122K, committed 21248K, reserved 1069056K
  class space    used 2369K, capacity 2450K, committed 2560K, reserved 1048576K
}
Event: 23.738 GC heap before
{Heap before GC invocations=9 (full 1):
 def new generation   total 19136K, used 17024K [0x00000000e0000000, 0x00000000e14c0000, 0x00000000eaaa0000)
  eden space 17024K, 100% used [0x00000000e0000000, 0x00000000e10a0000, 0x00000000e10a0000)
  from space 2112K,   0% used [0x00000000e10a0000, 0x00000000e10a0000, 0x00000000e12b0000)
  to   space 2112K,   0% used [0x00000000e12b0000, 0x00000000e12b0000, 0x00000000e14c0000)
 tenured generation   total 42368K, used 7126K [0x00000000eaaa0000, 0x00000000ed400000, 0x0000000100000000)
   the space 42368K,  16% used [0x00000000eaaa0000, 0x00000000eb195b90, 0x00000000eb195c00, 0x00000000ed400000)
 Metaspace       used 22016K, capacity 22280K, committed 22656K, reserved 1069056K
  class space    used 2502K, capacity 2579K, committed 2688K, reserved 1048576K
Event: 23.763 GC heap after
Heap after GC invocations=10 (full 1):
 def new generation   total 19136K, used 1344K [0x00000000e0000000, 0x00000000e14c0000, 0x00000000eaaa0000)
  eden space 17024K,   0% used [0x00000000e0000000, 0x00000000e0000000, 0x00000000e10a0000)
  from space 2112K,  63% used [0x00000000e12b0000, 0x00000000e14002d8, 0x00000000e14c0000)
  to   space 2112K,   0% used [0x00000000e10a0000, 0x00000000e10a0000, 0x00000000e12b0000)
 tenured generation   total 42368K, used 7126K [0x00000000eaaa0000, 0x00000000ed400000, 0x0000000100000000)
   the space 42368K,  16% used [0x00000000eaaa0000, 0x00000000eb195b90, 0x00000000eb195c00, 0x00000000ed400000)
 Metaspace       used 22016K, capacity 22280K, committed 22656K, reserved 1069056K
  class space    used 2502K, capacity 2579K, committed 2688K, reserved 1048576K
}
Event: 27.321 GC heap before
{Heap before GC invocations=10 (full 1):
 def new generation   total 19136K, used 18368K [0x00000000e0000000, 0x00000000e14c0000, 0x00000000eaaa0000)
  eden space 17024K, 100% used [0x00000000e0000000, 0x00000000e10a0000, 0x00000000e10a0000)
  from space 2112K,  63% used [0x00000000e12b0000, 0x00000000e14002d8, 0x00000000e14c0000)
  to   space 2112K,   0% used [0x00000000e10a0000, 0x00000000e10a0000, 0x00000000e12b0000)
 tenured generation   total 42368K, used 7126K [0x00000000eaaa0000, 0x00000000ed400000, 0x0000000100000000)
   the space 42368K,  16% used [0x00000000eaaa0000, 0x00000000eb195b90, 0x00000000eb195c00, 0x00000000ed400000)
 Metaspace       used 23254K, capacity 23496K, committed 23808K, reserved 1071104K
  class space    used 2642K, capacity 2707K, committed 2816K, reserved 1048576K
Event: 27.375 GC heap after
Heap after GC invocations=11 (full 1):
 def new generation   total 19136K, used 1148K [0x00000000e0000000, 0x00000000e14c0000, 0x00000000eaaa0000)
  eden space 17024K,   0% used [0x00000000e0000000, 0x00000000e0000000, 0x00000000e10a0000)
  from space 2112K,  54% used [0x00000000e10a0000, 0x00000000e11bf0a0, 0x00000000e12b0000)
  to   space 2112K,   0% used [0x00000000e12b0000, 0x00000000e12b0000, 0x00000000e14c0000)
 tenured generation   total 42368K, used 7355K [0x00000000eaaa0000, 0x00000000ed400000, 0x0000000100000000)
   the space 42368K,  17% used [0x00000000eaaa0000, 0x00000000eb1cef90, 0x00000000eb1cf000, 0x00000000ed400000)
 Metaspace       used 23254K, capacity 23496K, committed 23808K, reserved 1071104K
  class space    used 2642K, capacity 2707K, committed 2816K, reserved 1048576K
}

